<?xml version="1.0" encoding="UTF-8"?>
<testng-results ignored="0" total="1" passed="1" failed="0" skipped="0">
  <reporter-output>
  </reporter-output>
  <suite started-at="2021-08-28T03:53:14 PDT" name="Default suite" finished-at="2021-08-28T03:53:14 PDT" duration-ms="68">
    <groups>
    </groups>
    <test started-at="2021-08-28T03:53:14 PDT" name="Default test" finished-at="2021-08-28T03:53:14 PDT" duration-ms="68">
      <class name="newtestNG.newtestNGclass">
        <test-method is-config="true" signature="beforeTest()[pri:0, instance:newtestNG.newtestNGclass@65f095f8]" started-at="2021-08-28T03:53:14 PDT" name="beforeTest" finished-at="2021-08-28T03:53:14 PDT" duration-ms="11" status="PASS">
          <reporter-output>
          </reporter-output>
        </test-method> <!-- beforeTest -->
        <test-method signature="f()[pri:0, instance:newtestNG.newtestNGclass@65f095f8]" started-at="2021-08-28T03:53:14 PDT" name="f" finished-at="2021-08-28T03:53:14 PDT" duration-ms="7" status="PASS">
          <reporter-output>
          </reporter-output>
        </test-method> <!-- f -->
        <test-method is-config="true" signature="afterTest()[pri:0, instance:newtestNG.newtestNGclass@65f095f8]" started-at="2021-08-28T03:53:14 PDT" name="afterTest" finished-at="2021-08-28T03:53:14 PDT" duration-ms="0" status="PASS">
          <reporter-output>
          </reporter-output>
        </test-method> <!-- afterTest -->
      </class> <!-- newtestNG.newtestNGclass -->
    </test> <!-- Default test -->
  </suite> <!-- Default suite -->
</testng-results>
